<?xml version="1.0" encoding="UTF-8"?>
<testsuite name="Login Test"
           tests="3"
           failures="0"
           errors="0"
           skipped="0"
           time="2.285">
  <properties />
  
  
            <testcase name="anAustralianComingToUKForTourism" time="0.570" classname="gov.uk.check.visa.testsuite.VisaConfirmationTest" />
                <testcase name="aChileanComingToTheUKForWorkAndPlansOnStayingForLongerThanSixMonths" time="0.916" classname="gov.uk.check.visa.testsuite.VisaConfirmationTest" />
                <testcase name="aColumbianNationalComingToTheUKToJoinAPartnerForALongStayTheyDoHaveAnArticlele10Or20Card" time="0.799" classname="gov.uk.check.visa.testsuite.VisaConfirmationTest" />
      
</testsuite>
